# JRE version: OpenJDK Runtime Environment (21.0.1+12) (build 21.0.1+12-29)
# Java VM: OpenJDK 64-Bit Server VM (21.0.1+12-29, mixed mode, sharing, tiered, compressed oops, compressed class ptrs, g1 gc, bsd-aarch64)
Heap:
 garbage-first heap   total 264192K, used 106984K [0x0000000700000000, 0x0000000800000000)
  region size 2048K, 52 young (106496K), 1 survivors (2048K)
 Metaspace       used 7272K, committed 7488K, reserved 1114112K
  class space    used 778K, committed 896K, reserved 1048576K
GC Heap History (20 events):
Event: 36944.058 GC heap before
{Heap before GC invocations=1494 (full 0):
 garbage-first heap   total 264192K, used 156132K [0x0000000700000000, 0x0000000800000000)
  region size 2048K, 76 young (155648K), 1 survivors (2048K)
 Metaspace       used 7272K, committed 7488K, reserved 1114112K
  class space    used 778K, committed 896K, reserved 1048576K
}
Event: 36944.059 GC heap after
{Heap after GC invocations=1495 (full 0):
 garbage-first heap   total 264192K, used 2530K [0x0000000700000000, 0x0000000800000000)
  region size 2048K, 1 young (2048K), 1 survivors (2048K)
 Metaspace       used 7272K, committed 7488K, reserved 1114112K
  class space    used 778K, committed 896K, reserved 1048576K
}
Event: 36963.775 GC heap before
{Heap before GC invocations=1495 (full 0):
 garbage-first heap   total 264192K, used 156130K [0x0000000700000000, 0x0000000800000000)
  region size 2048K, 76 young (155648K), 1 survivors (2048K)
 Metaspace       used 7272K, committed 7488K, reserved 1114112K
  class space    used 778K, committed 896K, reserved 1048576K
}
Event: 36963.777 GC heap after
{Heap after GC invocations=1496 (full 0):
 garbage-first heap   total 264192K, used 2530K [0x0000000700000000, 0x0000000800000000)
  region size 2048K, 1 young (2048K), 1 survivors (2048K)
 Metaspace       used 7272K, committed 7488K, reserved 1114112K
  class space    used 778K, committed 896K, reserved 1048576K
}
Event: 36990.860 GC heap before
{Heap before GC invocations=1496 (full 0):
 garbage-first heap   total 264192K, used 156130K [0x0000000700000000, 0x0000000800000000)
  region size 2048K, 76 young (155648K), 1 survivors (2048K)
 Metaspace       used 7272K, committed 7488K, reserved 1114112K
  class space    used 778K, committed 896K, reserved 1048576K
}
Event: 36990.868 GC heap after
{Heap after GC invocations=1497 (full 0):
 garbage-first heap   total 264192K, used 2528K [0x0000000700000000, 0x0000000800000000)
  region size 2048K, 1 young (2048K), 1 survivors (2048K)
 Metaspace       used 7272K, committed 7488K, reserved 1114112K
  class space    used 778K, committed 896K, reserved 1048576K
}
Event: 37012.359 GC heap before
{Heap before GC invocations=1497 (full 0):
 garbage-first heap   total 264192K, used 156128K [0x0000000700000000, 0x0000000800000000)
  region size 2048K, 76 young (155648K), 1 survivors (2048K)
 Metaspace       used 7272K, committed 7488K, reserved 1114112K
  class space    used 778K, committed 896K, reserved 1048576K
}
Event: 37012.360 GC heap after
{Heap after GC invocations=1498 (full 0):
 garbage-first heap   total 264192K, used 2532K [0x0000000700000000, 0x0000000800000000)
  region size 2048K, 1 young (2048K), 1 survivors (2048K)
 Metaspace       used 7272K, committed 7488K, reserved 1114112K
  class space    used 778K, committed 896K, reserved 1048576K
}
Event: 37032.501 GC heap before
{Heap before GC invocations=1498 (full 0):
 garbage-first heap   total 264192K, used 156132K [0x0000000700000000, 0x0000000800000000)
  region size 2048K, 76 young (155648K), 1 survivors (2048K)
 Metaspace       used 7272K, committed 7488K, reserved 1114112K
  class space    used 778K, committed 896K, reserved 1048576K
}
Event: 37032.502 GC heap after
{Heap after GC invocations=1499 (full 0):
 garbage-first heap   total 264192K, used 2532K [0x0000000700000000, 0x0000000800000000)
  region size 2048K, 1 young (2048K), 1 survivors (2048K)
 Metaspace       used 7272K, committed 7488K, reserved 1114112K
  class space    used 778K, committed 896K, reserved 1048576K
}
Event: 37053.142 GC heap before
{Heap before GC invocations=1499 (full 0):
 garbage-first heap   total 264192K, used 156132K [0x0000000700000000, 0x0000000800000000)
  region size 2048K, 76 young (155648K), 1 survivors (2048K)
 Metaspace       used 7272K, committed 7488K, reserved 1114112K
  class space    used 778K, committed 896K, reserved 1048576K
}
Event: 37053.145 GC heap after
{Heap after GC invocations=1500 (full 0):
 garbage-first heap   total 264192K, used 2532K [0x0000000700000000, 0x0000000800000000)
  region size 2048K, 1 young (2048K), 1 survivors (2048K)
 Metaspace       used 7272K, committed 7488K, reserved 1114112K
  class space    used 778K, committed 896K, reserved 1048576K
}
Event: 37073.115 GC heap before
{Heap before GC invocations=1500 (full 0):
 garbage-first heap   total 264192K, used 156132K [0x0000000700000000, 0x0000000800000000)
  region size 2048K, 76 young (155648K), 1 survivors (2048K)
 Metaspace       used 7272K, committed 7488K, reserved 1114112K
  class space    used 778K, committed 896K, reserved 1048576K
}
Event: 37073.117 GC heap after
{Heap after GC invocations=1501 (full 0):
 garbage-first heap   total 264192K, used 2530K [0x0000000700000000, 0x0000000800000000)
  region size 2048K, 1 young (2048K), 1 survivors (2048K)
 Metaspace       used 7272K, committed 7488K, reserved 1114112K
  class space    used 778K, committed 896K, reserved 1048576K
}
Event: 37093.315 GC heap before
{Heap before GC invocations=1501 (full 0):
 garbage-first heap   total 264192K, used 156130K [0x0000000700000000, 0x0000000800000000)
  region size 2048K, 76 young (155648K), 1 survivors (2048K)
 Metaspace       used 7272K, committed 7488K, reserved 1114112K
  class space    used 778K, committed 896K, reserved 1048576K
}
Event: 37093.316 GC heap after
{Heap after GC invocations=1502 (full 0):
 garbage-first heap   total 264192K, used 2530K [0x0000000700000000, 0x0000000800000000)
  region size 2048K, 1 young (2048K), 1 survivors (2048K)
 Metaspace       used 7272K, committed 7488K, reserved 1114112K
  class space    used 778K, committed 896K, reserved 1048576K
}
Event: 37115.758 GC heap before
{Heap before GC invocations=1502 (full 0):
 garbage-first heap   total 264192K, used 156130K [0x0000000700000000, 0x0000000800000000)
  region size 2048K, 76 young (155648K), 1 survivors (2048K)
 Metaspace       used 7272K, committed 7488K, reserved 1114112K
  class space    used 778K, committed 896K, reserved 1048576K
}
Event: 37115.759 GC heap after
{Heap after GC invocations=1503 (full 0):
 garbage-first heap   total 264192K, used 2526K [0x0000000700000000, 0x0000000800000000)
  region size 2048K, 1 young (2048K), 1 survivors (2048K)
 Metaspace       used 7272K, committed 7488K, reserved 1114112K
  class space    used 778K, committed 896K, reserved 1048576K
}
Event: 37136.929 GC heap before
{Heap before GC invocations=1503 (full 0):
 garbage-first heap   total 264192K, used 156126K [0x0000000700000000, 0x0000000800000000)
  region size 2048K, 76 young (155648K), 1 survivors (2048K)
 Metaspace       used 7272K, committed 7488K, reserved 1114112K
  class space    used 778K, committed 896K, reserved 1048576K
}
Event: 37136.930 GC heap after
{Heap after GC invocations=1504 (full 0):
 garbage-first heap   total 264192K, used 2536K [0x0000000700000000, 0x0000000800000000)
  region size 2048K, 1 young (2048K), 1 survivors (2048K)
 Metaspace       used 7272K, committed 7488K, reserved 1114112K
  class space    used 778K, committed 896K, reserved 1048576K
}

